<?xml version="1.0" encoding="UTF-8"?>
<!-- Generated by org.testng.reporters.JUnitReportReporter -->
<testsuite skipped="0" hostname="DESKTOP-V564ULC" name="tests.ValidateNavigationBarTest" tests="1" failures="0" timestamp="2020-10-05T10:37:54 BRT" time="5.098" errors="0">
  <testcase name="navigationBar" time="5.098" classname="tests.ValidateNavigationBarTest"/>
  <system-out/>
</testsuite> <!-- tests.ValidateNavigationBarTest -->
