<?xml version="1.0" encoding="UTF-8"?>
<!-- Generated by org.testng.reporters.JUnitReportReporter -->
<testsuite skipped="0" hostname="DESKTOP-V564ULC" name="tests.Home" tests="1" failures="0" timestamp="2020-09-29T15:59:50 BRT" time="19.697" errors="0">
  <testcase name="basePageNavigation" time="19.697" classname="tests.Home"/>
  <system-out/>
</testsuite> <!-- tests.Home -->
