<?xml version="1.0" encoding="UTF-8"?>
<!-- Generated by org.testng.reporters.JUnitReportReporter -->
<testsuite skipped="0" hostname="DESKTOP-V564ULC" name="tests.HomeTest" tests="1" failures="0" timestamp="2020-10-05T10:37:54 BRT" time="12.041" errors="0">
  <testcase name="basePageNavigation" time="12.041" classname="tests.HomeTest"/>
  <system-out/>
</testsuite> <!-- tests.HomeTest -->
