<?xml version="1.0" encoding="UTF-8"?>
<!-- Generated by org.testng.reporters.JUnitReportReporter -->
<testsuite skipped="0" hostname="DESKTOP-V564ULC" name="tests.ValidateTitleTest" tests="2" failures="0" timestamp="2020-10-05T15:58:12 BRT" time="5.043" errors="0">
  <testcase name="checkHeader" time="5.015" classname="tests.ValidateTitleTest"/>
  <system-out/>
  <testcase name="checkTitle" time="0.028" classname="tests.ValidateTitleTest"/>
  <system-out/>
</testsuite> <!-- tests.ValidateTitleTest -->
